2025-09-13 15:54:29,161 - INFO - === 开始Playwright爬虫任务 ===
2025-09-13 15:54:29,263 - INFO - 正在初始化Playwright浏览器...
2025-09-13 15:54:30,944 - INFO - ✅ Playwright浏览器初始化成功
2025-09-13 15:54:30,944 - INFO - 开始爬取股票 新和成(002001) 的帖子...
2025-09-13 15:54:30,944 - INFO - 尝试访问页面 (第1次): https://guba.eastmoney.com/list,002001.html
2025-09-13 15:54:35,018 - INFO - ✅ 页面加载成功: 新和成(002001)股吧_新和成怎么样_分析讨论社区—东方财富网
2025-09-13 15:54:40,071 - INFO - 使用选择器 'tr.listitem' 找到 80 个元素
2025-09-13 15:54:40,112 - INFO - 帖子 1: 新 和 成：公司光气资质已经获批...
2025-09-13 15:54:40,148 - INFO - 帖子 2: 新和成:2025年第二次临时股东大会决议公告...
2025-09-13 15:54:40,181 - INFO - 帖子 3: 新和成:浙江天册律师事务所关于浙江新和成股份有限公司2025年第二次临时股东大会的法律意见书...
2025-09-13 15:54:40,216 - INFO - 帖子 4: 新和成AI得分+股性得分+净买标的排名！看完记得给个赞，祝财运多多！每日更新，记...
2025-09-13 15:54:40,258 - INFO - 帖子 5: 今天会板吗...
2025-09-13 15:54:40,301 - INFO - 帖子 6: 新和成早晚赶上当年万华化学的股价，两年？...
2025-09-13 15:54:40,340 - INFO - 帖子 7: 新和成（002001.SZ）9月12日在投资者互动平台表示，公司光气资质已经获批...
2025-09-13 15:54:40,375 - INFO - 帖子 8: 年底35块稳了...
2025-09-13 15:54:40,411 - INFO - 帖子 9: 我就说行吧...
2025-09-13 15:54:40,445 - INFO - 帖子 10: 股旺金来每次卖出了就又来唱空，跌了几个点就又买入，老是说维生素咋了咋了...
2025-09-13 15:54:40,446 - INFO - 成功爬取 10 个帖子
2025-09-13 15:54:40,447 - INFO - ✅ 数据已保存:
2025-09-13 15:54:40,448 - INFO -    帖子数据: playwright_posts_002001_20250913_155440.json
2025-09-13 15:54:40,448 - INFO -    评论数据: playwright_comments_002001_20250913_155440.json
2025-09-13 15:54:40,448 - INFO - === 爬取完成 ===
2025-09-13 15:54:40,448 - INFO - 总帖子数: 10
2025-09-13 15:54:40,448 - INFO - 总评论数: 0
2025-09-13 15:54:40,866 - INFO - 浏览器资源已清理
